[2025-05-05 11:46:06,325] 97 werkzeug - WARNING -  * Debugger is active!
[2025-05-05 11:46:06,332] 97 werkzeug - INFO -  * Debugger PIN: 143-783-530
[2025-05-05 11:46:10,347] 97 werkzeug - INFO - 127.0.0.1 - - [05/May/2025 11:46:10] "GET / HTTP/1.1" 200 -
[2025-05-05 11:46:10,437] 97 werkzeug - INFO - 127.0.0.1 - - [05/May/2025 11:46:10] "[36mGET /static/style.css HTTP/1.1[0m" 304 -
[2025-05-05 11:46:34,455] 34 root - INFO - Received form data:
[2025-05-05 11:46:34,460] 37 root - INFO - Location: washington
[2025-05-05 11:46:34,460] 37 root - INFO - Temperature: 23
[2025-05-05 11:46:34,460] 37 root - INFO - Humidity: 24
[2025-05-05 11:46:34,498] 37 root - INFO - Wind_Speed: 60
[2025-05-05 11:46:34,498] 37 root - INFO - Precipitation: 21
[2025-05-05 11:46:34,498] 37 root - INFO - Cloud_Cover: partly cloudy
[2025-05-05 11:46:34,501] 62 root - INFO - Dataframe Gathered
[2025-05-05 11:46:34,501] 51 root - INFO - Input DataFrame created:
[2025-05-05 11:46:34,508] 52 root - INFO - 
     Location  Temperature  Humidity  Wind_Speed  Precipitation    Cloud_Cover
0  washington         23.0      24.0        60.0           21.0  partly cloudy
[2025-05-05 11:46:34,508] 55 root - INFO - Initializing PredictPipeline...
[2025-05-05 11:46:34,508] 57 root - INFO - Making prediction...
[2025-05-05 11:46:34,508] 53 root - INFO - Exception Occured in load_object function utils
[2025-05-05 11:46:34,510] 69 root - ERROR - Error during prediction:
[2025-05-05 11:46:34,510] 71 root - ERROR - Error occured in python script name [C:\Users\Praveen\OneDrive\Desktop\weather_prediction\app.py] line number [58] error message [Error occured in python script name [C:\Users\Praveen\OneDrive\Desktop\weather_prediction\src\Weather_prediction\pipelines\Prediction_pipeline.py] line number [18] error message [Error occured in python script name [C:\Users\Praveen\OneDrive\Desktop\weather_prediction\src\Weather_prediction\utils\utils.py] line number [50] error message [[Errno 2] No such file or directory: 'Artifacts\\preprocessor.pkl']]]
[2025-05-05 11:46:34,511] 97 werkzeug - INFO - 127.0.0.1 - - [05/May/2025 11:46:34] "POST /predict HTTP/1.1" 200 -
[2025-05-05 11:46:34,534] 97 werkzeug - INFO - 127.0.0.1 - - [05/May/2025 11:46:34] "[36mGET /static/style.css HTTP/1.1[0m" 304 -
[2025-05-05 11:50:21,843] 97 werkzeug - INFO -  * Detected change in 'C:\\Users\\Praveen\\OneDrive\\Desktop\\weather_prediction\\app.py', reloading
