[2025-05-05 11:50:50,836] 97 werkzeug - WARNING -  * Debugger is active!
[2025-05-05 11:50:50,836] 97 werkzeug - INFO -  * Debugger PIN: 143-783-530
[2025-05-05 11:50:54,697] 97 werkzeug - INFO - 127.0.0.1 - - [05/May/2025 11:50:54] "GET / HTTP/1.1" 200 -
[2025-05-05 11:50:54,793] 97 werkzeug - INFO - 127.0.0.1 - - [05/May/2025 11:50:54] "[36mGET /static/style.css HTTP/1.1[0m" 304 -
[2025-05-05 11:51:25,494] 34 root - INFO - Received form data:
[2025-05-05 11:51:25,496] 37 root - INFO - Location: washington
[2025-05-05 11:51:25,496] 37 root - INFO - Temperature: 25
[2025-05-05 11:51:25,496] 37 root - INFO - Humidity: 24
[2025-05-05 11:51:25,533] 37 root - INFO - Wind_Speed: 60
[2025-05-05 11:51:25,533] 37 root - INFO - Precipitation: 34
[2025-05-05 11:51:25,533] 37 root - INFO - Cloud_Cover: partly cloudy
[2025-05-05 11:51:25,536] 62 root - INFO - Dataframe Gathered
[2025-05-05 11:51:25,536] 51 root - INFO - Input DataFrame created:
[2025-05-05 11:51:25,543] 52 root - INFO - 
     Location  Temperature  Humidity  Wind_Speed  Precipitation    Cloud_Cover
0  washington         25.0      24.0        60.0           34.0  partly cloudy
[2025-05-05 11:51:25,545] 55 root - INFO - Initializing PredictPipeline...
[2025-05-05 11:51:25,545] 57 root - INFO - Making prediction...
[2025-05-05 11:51:25,545] 53 root - INFO - Exception Occured in load_object function utils
[2025-05-05 11:51:25,545] 73 root - ERROR - Error during prediction: An error occurred: Error occured in python script name [C:\Users\Praveen\OneDrive\Desktop\weather_prediction\src\Weather_prediction\pipelines\Prediction_pipeline.py] line number [18] error message [Error occured in python script name [C:\Users\Praveen\OneDrive\Desktop\weather_prediction\src\Weather_prediction\utils\utils.py] line number [50] error message [[Errno 2] No such file or directory: 'Artifacts\\preprocessor.pkl']]
[2025-05-05 11:51:25,545] 97 werkzeug - INFO - 127.0.0.1 - - [05/May/2025 11:51:25] "[31m[1mPOST /predict HTTP/1.1[0m" 400 -
[2025-05-05 11:53:46,161] 97 werkzeug - INFO -  * Detected change in 'C:\\Users\\Praveen\\OneDrive\\Desktop\\weather_prediction\\app.py', reloading
