[2025-05-05 12:27:00,338] 12 root - INFO - Starting training pipeline
[2025-05-05 12:27:00,342] 15 root - INFO - Starting data ingestion
[2025-05-05 12:27:00,342] 27 root - INFO - Data ingestion started
[2025-05-05 12:27:00,443] 31 root - INFO - Read the Data from the csv file
[2025-05-05 12:27:00,895] 35 root - INFO - Created the raw data file
[2025-05-05 12:27:00,896] 37 root - INFO - Splitting the data into train and test
[2025-05-05 12:27:00,958] 39 root - INFO - Data Splitting is done
[2025-05-05 12:27:01,627] 44 root - INFO - Created the train and test data files
[2025-05-05 12:27:01,628] 45 root - INFO - Data ingestion completed
[2025-05-05 12:27:01,633] 18 root - INFO - Train data path: Artifacts\test_data.csv
[2025-05-05 12:27:01,634] 19 root - INFO - Test data path: Artifacts\train_data.csv
[2025-05-05 12:27:01,634] 22 root - INFO - Starting data transformation
[2025-05-05 12:27:01,776] 85 root - INFO - read train and test data complete
[2025-05-05 12:27:01,785] 86 root - INFO - Train Dataframe Head : 
         Date      Location  Temperature   Humidity  Wind Speed  Precipitation  Cloud Cover     Pressure  Rain Tomorrow
0  2024-12-03        Denver    48.052607  60.603176   24.946214       0.000000    49.344512  1020.133430              0
1  2024-12-22  Jacksonville    76.409199  87.441871   14.162805       0.060954    86.571375  1018.283834              0
2  2025-11-09      San Jose    35.668016  68.053619   18.195591       0.942199    31.233485  1020.116697              1
3  2025-11-22      San Jose    63.633611  83.717856   23.486385       0.259003    10.990360  1001.981662              0
4  2025-09-11        Austin    51.459740  82.835612   25.238400       0.087099    17.705639   976.618916              0
[2025-05-05 12:27:01,791] 87 root - INFO - Test Dataframe Head : 
         Date      Location  Temperature   Humidity  Wind Speed  Precipitation  Cloud Cover     Pressure  Rain Tomorrow
0  2025-05-22       Houston    94.400847  30.101788   27.125792       0.000000    22.156541   996.493324              0
1  2025-04-12  Philadelphia    42.347508  72.291153   11.864686       0.000000    78.616367   990.436746              0
2  2025-07-28       Houston    61.599022  69.579675   25.963909       0.987198    65.356192   979.811993              1
3  2024-08-07     San Diego    92.764507  90.944364   16.475073       0.000000    66.736579  1034.282752              0
4  2024-07-14       Chicago    42.108787  70.881935    1.662974       0.000000    22.626918   998.666144              0
[2025-05-05 12:27:01,791] 34 root - INFO - Data Transformation initiated
[2025-05-05 12:27:01,791] 42 root - INFO - Pipeline Initiated
[2025-05-05 12:27:01,791] 68 root - INFO - Pipeline Completed
[2025-05-05 12:27:01,800] 101 root - INFO - Applying preprocessing object on training and testing datasets.
[2025-05-05 12:27:01,882] 115 root - INFO - preprocessing pickle file saved
[2025-05-05 12:27:01,886] 28 root - INFO - Data transformation completed
[2025-05-05 12:27:01,886] 31 root - INFO - Starting model training
[2025-05-05 12:27:01,886] 26 root - INFO - Splitting Dependent and Independent variables from train and test data
[2025-05-05 12:27:05,570] 44 root - INFO - Model Report: {'LogisticRegression': 0.43843024781686246, 'RandomForestClassifier': 0.9990032485761747, 'GradientBoostingClassifier': 0.9997009745728525, 'XGBClassifier': 0.9952155931656389}
[2025-05-05 12:27:05,570] 53 root - INFO - Best Model: GradientBoostingClassifier, Accuracy Score: 0.9997009745728525
[2025-05-05 12:27:05,575] 60 root - INFO - Model pickle file saved
[2025-05-05 12:27:05,577] 37 root - INFO - Best model: GradientBoostingClassifier with score: 0.9997009745728525
[2025-05-05 12:27:05,577] 39 root - INFO - Training pipeline completed successfully!
