[2025-05-07 11:46:44,553] 97 werkzeug - WARNING -  * Debugger is active!
[2025-05-07 11:46:44,564] 97 werkzeug - INFO -  * Debugger PIN: 143-783-530
[2025-05-07 11:46:50,672] 97 werkzeug - INFO - 127.0.0.1 - - [07/May/2025 11:46:50] "GET / HTTP/1.1" 200 -
[2025-05-07 11:46:50,784] 97 werkzeug - INFO - 127.0.0.1 - - [07/May/2025 11:46:50] "[36mGET /static/style.css HTTP/1.1[0m" 304 -
[2025-05-07 11:46:50,855] 97 werkzeug - INFO - 127.0.0.1 - - [07/May/2025 11:46:50] "[33mGET /favicon.ico HTTP/1.1[0m" 404 -
[2025-05-07 11:47:14,963] 34 root - INFO - Received form data:
[2025-05-07 11:47:14,967] 37 root - INFO - Location: New York
[2025-05-07 11:47:14,994] 37 root - INFO - Temperature: 23
[2025-05-07 11:47:14,994] 37 root - INFO - Humidity: 24
[2025-05-07 11:47:14,994] 37 root - INFO - Wind_Speed: 40
[2025-05-07 11:47:14,994] 37 root - INFO - Precipitation: 56
[2025-05-07 11:47:14,994] 37 root - INFO - Cloud_Cover: 80
[2025-05-07 11:47:14,994] 59 root - INFO - Input data validated and created
[2025-05-07 11:47:14,996] 73 root - INFO - Dataframe Gathered
[2025-05-07 11:47:14,996] 63 root - INFO - Input DataFrame created:
[2025-05-07 11:47:15,009] 64 root - INFO - 
   Location  Temperature  Humidity  Wind Speed  Precipitation Cloud Cover
0  New York         23.0      24.0        40.0           56.0          80
[2025-05-07 11:47:15,009] 67 root - INFO - Initializing PredictPipeline...
[2025-05-07 11:47:15,010] 69 root - INFO - Making prediction...
[2025-05-07 11:47:15,010] 27 root - INFO - Loading preprocessor from C:\Users\Praveen\OneDrive\Desktop\weather_prediction\artifacts\preprocessor.pkl
[2025-05-07 11:47:15,293] 29 root - INFO - Loading model from C:\Users\Praveen\OneDrive\Desktop\weather_prediction\artifacts\final_model.pkl
[2025-05-07 11:47:15,438] 32 root - INFO - Transforming input features
[2025-05-07 11:47:15,446] 35 root - INFO - Making prediction
[2025-05-07 11:47:15,446] 73 root - INFO - Raw prediction results: [0.]
[2025-05-07 11:47:15,452] 75 root - INFO - Final prediction result: 0.0
[2025-05-07 11:47:15,457] 97 werkzeug - INFO - 127.0.0.1 - - [07/May/2025 11:47:15] "POST /predict HTTP/1.1" 200 -
[2025-05-07 11:47:30,523] 97 werkzeug - INFO - 127.0.0.1 - - [07/May/2025 11:47:30] "GET / HTTP/1.1" 200 -
[2025-05-07 11:47:30,545] 97 werkzeug - INFO - 127.0.0.1 - - [07/May/2025 11:47:30] "[36mGET /static/style.css HTTP/1.1[0m" 304 -
[2025-05-07 11:48:02,188] 34 root - INFO - Received form data:
[2025-05-07 11:48:02,189] 37 root - INFO - Location: Chicago
[2025-05-07 11:48:02,189] 37 root - INFO - Temperature: 23
[2025-05-07 11:48:02,189] 37 root - INFO - Humidity: 34
[2025-05-07 11:48:02,189] 37 root - INFO - Wind_Speed: 43
[2025-05-07 11:48:02,190] 37 root - INFO - Precipitation: 21
[2025-05-07 11:48:02,190] 37 root - INFO - Cloud_Cover: 90
[2025-05-07 11:48:02,190] 59 root - INFO - Input data validated and created
[2025-05-07 11:48:02,190] 73 root - INFO - Dataframe Gathered
[2025-05-07 11:48:02,190] 63 root - INFO - Input DataFrame created:
[2025-05-07 11:48:02,193] 64 root - INFO - 
  Location  Temperature  Humidity  Wind Speed  Precipitation Cloud Cover
0  Chicago         23.0      34.0        43.0           21.0          90
[2025-05-07 11:48:02,193] 67 root - INFO - Initializing PredictPipeline...
[2025-05-07 11:48:02,193] 69 root - INFO - Making prediction...
[2025-05-07 11:48:02,193] 27 root - INFO - Loading preprocessor from C:\Users\Praveen\OneDrive\Desktop\weather_prediction\artifacts\preprocessor.pkl
[2025-05-07 11:48:02,194] 29 root - INFO - Loading model from C:\Users\Praveen\OneDrive\Desktop\weather_prediction\artifacts\final_model.pkl
[2025-05-07 11:48:02,202] 32 root - INFO - Transforming input features
[2025-05-07 11:48:02,215] 35 root - INFO - Making prediction
[2025-05-07 11:48:02,217] 73 root - INFO - Raw prediction results: [0.]
[2025-05-07 11:48:02,218] 75 root - INFO - Final prediction result: 0.0
[2025-05-07 11:48:02,220] 97 werkzeug - INFO - 127.0.0.1 - - [07/May/2025 11:48:02] "POST /predict HTTP/1.1" 200 -
[2025-05-07 11:48:07,265] 97 werkzeug - INFO - 127.0.0.1 - - [07/May/2025 11:48:07] "GET / HTTP/1.1" 200 -
[2025-05-07 11:48:07,310] 97 werkzeug - INFO - 127.0.0.1 - - [07/May/2025 11:48:07] "[36mGET /static/style.css HTTP/1.1[0m" 304 -
[2025-05-07 11:48:32,702] 34 root - INFO - Received form data:
[2025-05-07 11:48:32,704] 37 root - INFO - Location: New York
[2025-05-07 11:48:32,704] 37 root - INFO - Temperature: 20
[2025-05-07 11:48:32,704] 37 root - INFO - Humidity: 21
[2025-05-07 11:48:32,704] 37 root - INFO - Wind_Speed: 80
[2025-05-07 11:48:32,704] 37 root - INFO - Precipitation: 68
[2025-05-07 11:48:32,704] 37 root - INFO - Cloud_Cover: 100
[2025-05-07 11:48:32,704] 59 root - INFO - Input data validated and created
[2025-05-07 11:48:32,704] 73 root - INFO - Dataframe Gathered
[2025-05-07 11:48:32,706] 63 root - INFO - Input DataFrame created:
[2025-05-07 11:48:32,712] 64 root - INFO - 
   Location  Temperature  Humidity  Wind Speed  Precipitation Cloud Cover
0  New York         20.0      21.0        80.0           68.0         100
[2025-05-07 11:48:32,712] 67 root - INFO - Initializing PredictPipeline...
[2025-05-07 11:48:32,712] 69 root - INFO - Making prediction...
[2025-05-07 11:48:32,712] 27 root - INFO - Loading preprocessor from C:\Users\Praveen\OneDrive\Desktop\weather_prediction\artifacts\preprocessor.pkl
[2025-05-07 11:48:32,716] 29 root - INFO - Loading model from C:\Users\Praveen\OneDrive\Desktop\weather_prediction\artifacts\final_model.pkl
[2025-05-07 11:48:32,720] 32 root - INFO - Transforming input features
[2025-05-07 11:48:32,733] 35 root - INFO - Making prediction
[2025-05-07 11:48:32,735] 73 root - INFO - Raw prediction results: [0.]
[2025-05-07 11:48:32,735] 75 root - INFO - Final prediction result: 0.0
[2025-05-07 11:48:32,735] 97 werkzeug - INFO - 127.0.0.1 - - [07/May/2025 11:48:32] "POST /predict HTTP/1.1" 200 -
[2025-05-07 11:48:38,635] 97 werkzeug - INFO - 127.0.0.1 - - [07/May/2025 11:48:38] "GET / HTTP/1.1" 200 -
[2025-05-07 11:48:38,651] 97 werkzeug - INFO - 127.0.0.1 - - [07/May/2025 11:48:38] "[36mGET /static/style.css HTTP/1.1[0m" 304 -
